d:\chessii\c_segment\chess_dl\x64\debug\chess_dl.lib
d:\chessii\c_segment\chess_dl\x64\debug\chess_dl.exp
d:\chessii\c_segment\chess_dl\x64\debug\chess_dl.pch
d:\chessii\c_segment\chess_dl\x64\debug\vc142.pdb
d:\chessii\c_segment\chess_dl\x64\debug\vc142.idb
d:\chessii\c_segment\chess_dl\x64\debug\pch.obj
d:\chessii\c_segment\chess_dl\x64\debug\dllmain.obj
d:\chessii\c_segment\chess_dl\x64\debug\chess_dl.dll
d:\chessii\c_segment\chess_dl\x64\debug\chess_dl.ilk
d:\chessii\c_segment\chess_dl\x64\debug\chess_dl.pdb
d:\chessii\c_segment\chess_dl\x64\debug\chess_dl.tlog\chess_dl.write.1u.tlog
d:\chessii\c_segment\chess_dl\x64\debug\chess_dl.tlog\cl.command.1.tlog
d:\chessii\c_segment\chess_dl\x64\debug\chess_dl.tlog\cl.read.1.tlog
d:\chessii\c_segment\chess_dl\x64\debug\chess_dl.tlog\cl.write.1.tlog
d:\chessii\c_segment\chess_dl\x64\debug\chess_dl.tlog\link.13556.delete.1.tlog
d:\chessii\c_segment\chess_dl\x64\debug\chess_dl.tlog\link.4028.delete.1.tlog
d:\chessii\c_segment\chess_dl\x64\debug\chess_dl.tlog\link.4172.delete.1.tlog
d:\chessii\c_segment\chess_dl\x64\debug\chess_dl.tlog\link.command.1.tlog
d:\chessii\c_segment\chess_dl\x64\debug\chess_dl.tlog\link.read.1.tlog
d:\chessii\c_segment\chess_dl\x64\debug\chess_dl.tlog\link.write.1.tlog
